ERROR:root:Error fetching data for hikaru in 2024/10
ERROR:root:Error fetching data for hikaru in 2024/11
ERROR:root:Error fetching data for hikaru in 2024/12
ERROR:root:Error fetching data for magnuscarlsen in 2024/10
ERROR:root:Error fetching data for magnuscarlsen in 2024/11
ERROR:root:Error fetching data for magnuscarlsen in 2024/12
ERROR:root:Error fetching data for lachesisQ in 2024/10
ERROR:root:Error fetching data for lachesisQ in 2024/11
ERROR:root:Error fetching data for lachesisQ in 2024/12
ERROR:root:Error fetching data for chesswarrior7197 in 2024/10
ERROR:root:Error fetching data for chesswarrior7197 in 2024/11
ERROR:root:Error fetching data for chesswarrior7197 in 2024/12
ERROR:root:Error fetching data for gukeshdommaraju in 2024/10
ERROR:root:Error fetching data for gukeshdommaraju in 2024/11
ERROR:root:Error fetching data for gukeshdommaraju in 2024/12
ERROR:root:Error fetching data for gmwso in 2024/10
ERROR:root:Error fetching data for gmwso in 2024/11
ERROR:root:Error fetching data for gmwso in 2024/12
ERROR:root:Error fetching data for lovevae in 2024/10
ERROR:root:Error fetching data for lovevae in 2024/11
ERROR:root:Error fetching data for lovevae in 2024/12
ERROR:root:Error fetching data for fabianocaruana in 2024/10
ERROR:root:Error fetching data for fabianocaruana in 2024/11
ERROR:root:Error fetching data for fabianocaruana in 2024/12
